<?xml version="1.0" encoding="UTF-8"?>
<testng-results total="2" passed="2" failed="0" skipped="0">
  <reporter-output>
  </reporter-output>
  <suite started-at="2022-12-24T15:56:51Z" name="Default suite" finished-at="2022-12-24T15:56:53Z" duration-ms="2086">
    <groups>
    </groups>
    <test started-at="2022-12-24T15:56:51Z" name="Default test" finished-at="2022-12-24T15:56:53Z" duration-ms="2086">
      <class name="GoogleMaps.GoogleMapsTests">
        <test-method signature="Post()[pri:0, instance:GoogleMaps.GoogleMapsTests@7d898981]" started-at="2022-12-24T21:26:51Z" name="Post" finished-at="2022-12-24T21:26:53Z" duration-ms="1954" status="PASS">
          <reporter-output>
          </reporter-output>
        </test-method> <!-- Post -->
        <test-method signature="delete()[pri:0, instance:GoogleMaps.GoogleMapsTests@7d898981]" started-at="2022-12-24T21:26:53Z" name="delete" finished-at="2022-12-24T21:26:53Z" duration-ms="118" status="PASS">
          <reporter-output>
          </reporter-output>
        </test-method> <!-- delete -->
      </class> <!-- GoogleMaps.GoogleMapsTests -->
    </test> <!-- Default test -->
  </suite> <!-- Default suite -->
</testng-results>
