<?xml version="1.0" encoding="UTF-8"?>
<testng-results total="2" passed="2" failed="0" skipped="0">
  <reporter-output>
  </reporter-output>
  <suite started-at="2022-11-15T08:58:54Z" name="Default suite" finished-at="2022-11-15T08:58:58Z" duration-ms="4011">
    <groups>
    </groups>
    <test started-at="2022-11-15T08:58:54Z" name="Default test" finished-at="2022-11-15T08:58:58Z" duration-ms="4011">
      <class name="restpackage.trello_boards">
        <test-method signature="create_trello_board()[pri:0, instance:restpackage.trello_boards@7d898981]" started-at="2022-11-15T14:28:54Z" name="create_trello_board" finished-at="2022-11-15T14:28:57Z" duration-ms="2878" status="PASS">
          <reporter-output>
          </reporter-output>
        </test-method> <!-- create_trello_board -->
        <test-method signature="delete_board()[pri:0, instance:restpackage.trello_boards@7d898981]" started-at="2022-11-15T14:28:57Z" name="delete_board" finished-at="2022-11-15T14:28:58Z" duration-ms="1111" status="PASS">
          <reporter-output>
          </reporter-output>
        </test-method> <!-- delete_board -->
      </class> <!-- restpackage.trello_boards -->
    </test> <!-- Default test -->
  </suite> <!-- Default suite -->
</testng-results>
